<?xml version="1.0" encoding="UTF-8"?>
<!-- Generated by org.testng.reporters.JUnitReportReporter -->
<testsuite hostname="DESKTOP-TKHHJCC" failures="0" tests="1" name="soapuipackage.SOAP_RunIndividualTestCaseWithTestNG" time="0.281" errors="0" timestamp="24 May 2020 01:16:50 GMT" skipped="0">
  <testcase classname="soapuipackage.SOAP_RunIndividualTestCaseWithTestNG" name="runIndividualTestCase" time="0.281"/>
</testsuite> <!-- soapuipackage.SOAP_RunIndividualTestCaseWithTestNG -->
