<?xml version="1.0" encoding="UTF-8"?>
<!-- Generated by org.testng.reporters.JUnitReportReporter -->
<testsuite hostname="DESKTOP-TKHHJCC" failures="0" tests="1" name="soapuipackage.REST_RunAllTestCasesWithTestNG" time="1.845" errors="0" timestamp="24 May 2020 01:16:50 GMT" skipped="0">
  <testcase classname="soapuipackage.REST_RunAllTestCasesWithTestNG" name="runAllTests" time="1.845"/>
</testsuite> <!-- soapuipackage.REST_RunAllTestCasesWithTestNG -->
