<?xml version="1.0" encoding="UTF-8"?>
<!-- Generated by org.testng.reporters.JUnitReportReporter -->
<testsuite hostname="DESKTOP-TKHHJCC" failures="0" tests="1" name="soapuipackage.RunAllTestCasesOfSoapProjectWithTestNG" time="5.817" errors="0" timestamp="2020-04-14T13:13:31 EDT" skipped="0">
  <testcase classname="soapuipackage.RunAllTestCasesOfSoapProjectWithTestNG" name="runTestSuite" time="5.817"/>
  <system-out/>
</testsuite> <!-- soapuipackage.RunAllTestCasesOfSoapProjectWithTestNG -->
