<?xml version="1.0" encoding="UTF-8"?>
<!-- Generated by org.testng.reporters.JUnitReportReporter -->
<testsuite hostname="DESKTOP-TKHHJCC" failures="0" tests="1" name="soapuipackage.RunIndividualTestCaseWithTestNG" time="3.629" errors="0" timestamp="2020-04-14T13:21:51 EDT" skipped="0">
  <testcase classname="soapuipackage.RunIndividualTestCaseWithTestNG" name="runIndividualTestCase" time="3.629"/>
  <system-out/>
</testsuite> <!-- soapuipackage.RunIndividualTestCaseWithTestNG -->
