<?xml version="1.0" encoding="UTF-8"?>
<!-- Generated by org.testng.reporters.JUnitReportReporter -->
<testsuite hostname="DESKTOP-TKHHJCC" failures="0" tests="1" name="soapuipackage.SOAP_RunAllTestCasesWithTestNG" time="8.469" errors="0" timestamp="24 May 2020 01:16:50 GMT" skipped="0">
  <testcase classname="soapuipackage.SOAP_RunAllTestCasesWithTestNG" name="runTestSuite" time="8.469"/>
</testsuite> <!-- soapuipackage.SOAP_RunAllTestCasesWithTestNG -->
